activecomp {
  name: "TemplateProject_MainComp"
  width: 2048
  height: 1536
  defaultcameradistance: 2844.4443
  layer {
    name: "logo.png"
    id: 620
    sourceid: 580
    transform {
      anchorPoint {
        x: 175
        y: 161.5
        z: 0
      }
      scale {
        x: 1
        y: 1
        z: 1
      }
      position {
        x: 1024
        y: 768
        z: 0
      }
      orientation {
        x: 0
        y: 0
        z: 0
      }
      rotationX: 0
      rotationY: 0
      rotationZ: 0
      opacity: 1
    }
    acceptsshadows: true
    acceptslights: true
    castsshadows: false
  }
  bgcolor {
    alpha: 1
    red: 0
    green: 0
    blue: 0
  }
}
sources {
  uid: 580
  srctype: AE_IMAGE_SRC
  name: "logo.png"
  width: 350
  height: 323
  numberOfFrames: 1
  fps: 0
  loops: 1
  copy_source: true
}
